\BOOKMARK [1][-]{section.1}{\376\377\004\037\004\076\004\101\004\102\004\060\004\075\004\076\004\062\004\072\004\060\000\040\004\067\004\060\004\064\004\060\004\107\004\070}{}% 1
\BOOKMARK [1][-]{section.2}{\376\377\004\042\004\065\004\076\004\100\004\065\004\102\004\070\004\107\004\065\004\101\004\072\004\076\004\065\000\040\004\076\004\061\004\076\004\101\004\075\004\076\004\062\004\060\004\075\004\070\004\065}{}% 2
\BOOKMARK [2][-]{subsection.2.1}{\376\377\004\037\004\100\004\070\004\075\004\106\004\070\004\077\000\040\004\074\004\060\004\072\004\101\004\070\004\074\004\103\004\074\004\060}{section.2}% 3
\BOOKMARK [1][-]{section.3}{\376\377\004\040\004\065\004\110\004\065\004\075\004\070\004\065\000\040\004\067\004\060\004\064\004\060\004\107\004\070\000\040\004\101\000\040\004\075\004\065\004\076\004\102\004\100\004\070\004\106\004\060\004\102\004\065\004\073\004\114\004\075\004\113\004\074\000\040\000u\0001\000\050\000t\000\051}{}% 4
\BOOKMARK [2][-]{subsection.3.1}{\376\377\004\020\004\075\004\076\004\100\004\074\004\060\004\073\004\114\004\075\004\113\004\071\000\040\004\101\004\073\004\103\004\107\004\060\004\071}{section.3}% 5
\BOOKMARK [2][-]{subsection.3.2}{\376\377\004\036\004\101\004\076\004\061\004\113\004\065\000\040\004\100\004\065\004\066\004\070\004\074\004\113\000\040\004\060\004\075\004\076\004\100\004\074\004\060\004\073\004\114\004\075\004\076\004\063\004\076\000\040\004\101\004\073\004\103\004\107\004\060\004\117}{section.3}% 6
\BOOKMARK [2][-]{subsection.3.3}{\376\377\004\035\004\076\004\100\004\074\004\060\004\073\004\114\004\075\004\113\004\071\000\040\004\101\004\073\004\103\004\107\004\060\004\071}{section.3}% 7
\BOOKMARK [2][-]{subsection.3.4}{\376\377\004\036\004\101\004\076\004\061\004\113\004\065\000\040\004\100\004\065\004\066\004\070\004\074\004\113\000\040\004\075\004\076\004\100\004\074\004\060\004\073\004\114\004\075\004\076\004\063\004\076\000\040\004\101\004\073\004\103\004\107\004\060\004\117}{section.3}% 8
\BOOKMARK [2][-]{subsection.3.5}{\376\377\004\037\004\065\004\100\004\065\004\072\004\073\004\116\004\107\004\065\004\075\004\070\004\117\000\040\004\064\004\073\004\117\000\040\004\060\004\075\004\076\004\100\004\074\004\060\004\073\004\114\004\075\004\076\004\063\004\076\000\040\004\101\004\073\004\103\004\107\004\060\004\117\000\040}{section.3}% 9
\BOOKMARK [2][-]{subsection.3.6}{\376\377\004\037\004\065\004\100\004\065\004\072\004\073\004\116\004\107\004\065\004\075\004\070\004\117\000\040\004\064\004\073\004\117\000\040\004\075\004\076\004\100\004\074\004\060\004\073\004\114\004\075\004\076\004\063\004\076\000\040\004\101\004\073\004\103\004\107\004\060\004\117}{section.3}% 10
\BOOKMARK [3][-]{subsubsection.3.6.1}{\376\377\0001\000\040\000>\000\040\0000\000,\000\040\0002\000\050\0000\000\051\000\040\000>\000\040\000-\0001}{subsection.3.6}% 11
\BOOKMARK [3][-]{subsubsection.3.6.2}{\376\377\0001\000\040\000>\000\040\0000\000,\000\040\0002\000\050\0000\000\051\000\040\000<\000\040\000-\0001}{subsection.3.6}% 12
\BOOKMARK [3][-]{subsubsection.3.6.3}{\376\377\0001\000\040\000>\000\040\0000\000,\000\040\0002\000\050\0000\000\051\000\040\000=\000\040\000-\0001}{subsection.3.6}% 13
\BOOKMARK [3][-]{subsubsection.3.6.4}{\376\377\0001\000\040\000<\000\040\0000\000,\000\040\0002\000\050\0000\000\051\000\040\000<\000\040\000-\0001}{subsection.3.6}% 14
\BOOKMARK [3][-]{subsubsection.3.6.5}{\376\377\0001\000\040\000<\000\040\0000\000,\000\040\000\040\0002\000\050\0000\000\051\000\040\000-\0001}{subsection.3.6}% 15
\BOOKMARK [3][-]{subsubsection.3.6.6}{\376\377\0001\000\040\000=\000\040\0000}{subsection.3.6}% 16
\BOOKMARK [1][-]{section.4}{\376\377\004\040\004\065\004\110\004\065\004\075\004\070\004\065\000\040\004\067\004\060\004\064\004\060\004\107\004\070\000\040\004\101\000\040\004\077\004\100\004\076\004\070\004\067\004\062\004\076\004\073\004\114\004\075\004\113\004\074\000\040\000u\0001}{}% 17
\BOOKMARK [2][-]{subsection.4.1}{\376\377\004\020\004\075\004\076\004\100\004\074\004\060\004\073\004\114\004\075\004\113\004\071\000\040\004\101\004\073\004\103\004\107\004\060\004\071}{section.4}% 18
\BOOKMARK [2][-]{subsection.4.2}{\376\377\004\035\004\076\004\100\004\074\004\060\004\073\004\114\004\075\004\113\004\071\000\040\004\101\004\073\004\103\004\107\004\060\004\071}{section.4}% 19
\BOOKMARK [2][-]{subsection.4.3}{\376\377\004\036\004\101\004\076\004\061\004\113\004\071\000\040\004\100\004\065\004\066\004\070\004\074\000\040\004\075\004\076\004\100\004\074\004\060\004\073\004\114\004\075\004\076\004\063\004\076\000\040\004\101\004\073\004\103\004\107\004\060\004\117}{section.4}% 20
\BOOKMARK [2][-]{subsection.4.4}{\376\377\004\037\004\065\004\100\004\065\004\072\004\073\004\116\004\107\004\065\004\075\004\070\004\117\000\040\004\075\004\076\004\100\004\074\004\060\004\073\004\114\004\075\004\076\004\063\004\076\000\040\004\101\004\073\004\103\004\107\004\060\004\117}{section.4}% 21
\BOOKMARK [3][-]{subsubsection.4.4.1}{\376\377\0001\000\040\000=\000\040\0000}{subsection.4.4}% 22
\BOOKMARK [3][-]{subsubsection.4.4.2}{\376\377\0001\000\040\000>\000\040\0000}{subsection.4.4}% 23
\BOOKMARK [3][-]{subsubsection.4.4.3}{\376\377\0001\000\040\000<\000\040\0000}{subsection.4.4}% 24
\BOOKMARK [1][-]{section.5}{\376\377\004\037\004\100\004\070\004\074\004\065\004\100\004\113\000\040\004\100\004\060\004\061\004\076\004\102\004\113\000\040\004\077\004\100\004\076\004\063\004\100\004\060\004\074\004\074\004\113}{}% 25
